<?xml version="1.0" encoding="UTF-8"?>
<!-- Generated by org.testng.reporters.JUnitReportReporter -->
<testsuite hostname="LIN51010137" failures="0" tests="1" name="testclasses.TC_002_LoginTest" time="2.947" errors="0" timestamp="2024-03-23T16:39:07 IST" skipped="0">
  <testcase classname="testclasses.TC_002_LoginTest" name="verify_login" time="2.947"/>
  <system-out/>
</testsuite> <!-- testclasses.TC_002_LoginTest -->
