<?xml version="1.0" encoding="UTF-8"?>
<!-- Generated by org.testng.reporters.JUnitReportReporter -->
<testsuite hostname="LIN51010137" failures="0" tests="2" name="testclasses.TC_003_LoginDDT" time="23.088" errors="0" timestamp="2024-03-21T15:39:00 IST" skipped="0">
  <testcase classname="testclasses.TC_003_LoginDDT" name="verify_loginDDT" time="11.364"/>
  <testcase classname="testclasses.TC_003_LoginDDT" name="verify_loginDDT" time="11.724"/>
</testsuite> <!-- testclasses.TC_003_LoginDDT -->
