<?xml version="1.0" encoding="UTF-8"?>
<!-- Generated by org.testng.reporters.JUnitReportReporter -->
<testsuite hostname="LIN51010137" failures="0" tests="1" name="testclasses.TC_002_LoginTest" time="3.048" errors="0" timestamp="2024-03-23T21:37:29 IST" skipped="0">
  <testcase classname="testclasses.TC_002_LoginTest" name="verify_login" time="3.048"/>
</testsuite> <!-- testclasses.TC_002_LoginTest -->
