<?xml version="1.0" encoding="UTF-8"?>
<!-- Generated by org.testng.reporters.JUnitReportReporter -->
<testsuite hostname="LIN51010137" failures="0" tests="1" name="testclasses.TC_001_AccountRegistrationTest" time="4.553" errors="0" timestamp="2024-03-28T07:52:34 IST" skipped="0">
  <testcase classname="testclasses.TC_001_AccountRegistrationTest" name="verify_account_registration" time="4.553"/>
</testsuite> <!-- testclasses.TC_001_AccountRegistrationTest -->
